<?xml version="1.0" encoding="UTF-8"?>
<!-- Generated by org.testng.reporters.JUnitXMLReporter -->
<testsuite ignored="4" hostname="DESKTOP-092J5ON" failures="0" tests="12" name="Surefire test" time="4.032" errors="0" timestamp="2022-10-07T18:35:06 ART">
  <testcase classname="Homework06.Tests.BaseTest" name="@BeforeTest setUp" time="-1.665178501898E9">
    <failure type="org.testng.TestNGException" message="
Parameter &amp;apos;browser&amp;apos; is required by BeforeTest on method setUp but has not been marked @Optional or defined
">
      <![CDATA[org.testng.TestNGException: 
Parameter 'browser' is required by BeforeTest on method setUp but has not been marked @Optional or defined

... Removed 26 stack frames]]>
    </failure>
  </testcase> <!-- @BeforeTest setUp -->
  <testcase classname="Homework06.Tests.TestDigitalCollection" name="@BeforeClass startApp" time="0.0">
    <skipped/>
  </testcase> <!-- @BeforeClass startApp -->
  <testcase classname="Homework06.Tests.TestHomePage" name="@BeforeClass startApp" time="0.0">
    <skipped/>
  </testcase> <!-- @BeforeClass startApp -->
  <testcase classname="Homework06.Tests.TestSurvey" name="@BeforeClass startApp" time="0.0">
    <skipped/>
  </testcase> <!-- @BeforeClass startApp -->
  <testcase classname="Homework06.Tests.BaseTest" name="@AfterTest tearDown" time="0.0">
    <skipped/>
  </testcase> <!-- @AfterTest tearDown -->
  <testcase classname="Homework06.Tests.TestDigitalCollection" name="assertDigitalCollection" time="0.001">
    <skipped/>
  </testcase> <!-- assertDigitalCollection -->
  <testcase classname="Homework06.Tests.TestDigitalCollection" name="searchBox" time="0.0">
    <skipped/>
  </testcase> <!-- searchBox -->
  <testcase classname="Homework06.Tests.TestDigitalCollection" name="searchBox" time="0.001">
    <skipped/>
  </testcase> <!-- searchBox -->
  <testcase classname="Homework06.Tests.TestDigitalCollection" name="searchBox" time="0.0">
    <skipped/>
  </testcase> <!-- searchBox -->
  <testcase classname="Homework06.Tests.TestHomePage" name="assertUrl" time="0.0">
    <skipped/>
  </testcase> <!-- assertUrl -->
  <testcase classname="Homework06.Tests.TestHomePage" name="testSlider" time="0.0">
    <skipped/>
  </testcase> <!-- testSlider -->
  <testcase classname="Homework06.Tests.TestHomePage" name="testTopSearchs" time="0.0">
    <skipped/>
  </testcase> <!-- testTopSearchs -->
  <testcase classname="Homework06.Tests.TestHomePage" name="testGoToDigitalColletions" time="0.0">
    <skipped/>
  </testcase> <!-- testGoToDigitalColletions -->
  <testcase classname="Homework06.Tests.TestSurvey" name="goToSurvey" time="0.001">
    <skipped/>
  </testcase> <!-- goToSurvey -->
  <testcase classname="Homework06.Tests.TestSurvey" name="assertQuestions" time="0.0">
    <skipped/>
  </testcase> <!-- assertQuestions -->
  <testcase classname="Homework06.Tests.TestSurvey" name="answerQuestions" time="0.001">
    <skipped/>
  </testcase> <!-- answerQuestions -->
  <testcase classname="Homework06.Tests.TestSurvey" name="submitSurvey" time="0.0">
    <skipped/>
  </testcase> <!-- submitSurvey -->
  <testcase classname="Homework06.Tests.BaseTest" name="@AfterTest tearDown" time="0.0">
    <ignored/>
  </testcase> <!-- @AfterTest tearDown -->
  <testcase classname="Homework06.Tests.BaseTest" name="@BeforeTest setUp" time="0.0">
    <ignored/>
  </testcase> <!-- @BeforeTest setUp -->
  <testcase classname="Homework06.Tests.BaseTest" name="@BeforeTest setUp" time="0.0">
    <ignored/>
  </testcase> <!-- @BeforeTest setUp -->
  <testcase classname="Homework06.Tests.BaseTest" name="@AfterTest tearDown" time="0.0">
    <ignored/>
  </testcase> <!-- @AfterTest tearDown -->
</testsuite> <!-- Surefire test -->
