<!DOCTYPE html PUBLIC "-//W3C//DTD XHTML 1.1//EN" "https://www.w3.org/TR/xhtml11/DTD/xhtml11.dtd">
<html xmlns="https://www.w3.org/1999/xhtml">
<head>
<meta http-equiv="content-type" content="text/html; charset=UTF-8"/>
<title>TestNG Report</title>
<style type="text/css">table {margin-bottom:10px;border-collapse:collapse;empty-cells:show}th,td {border:1px solid #009;padding:.25em .5em}th {vertical-align:bottom}td {vertical-align:top}table a {font-weight:bold}.stripe td {background-color: #E6EBF9}.num {text-align:right}.passedodd td {background-color: #3F3}.passedeven td {background-color: #0A0}.skippedodd td {background-color: #DDD}.skippedeven td {background-color: #CCC}.failedodd td,.attn {background-color: #F33}.failedeven td,.stripe .attn {background-color: #D00}.stacktrace {white-space:pre;font-family:monospace}.totop {font-size:85%;text-align:center;border-bottom:2px solid #000}.invisible {display:none}</style>
</head>
<body>
<table>
<tr><th>Test</th><th># Passed</th><th># Skipped</th><th># Retried</th><th># Failed</th><th>Time (ms)</th><th>Included Groups</th><th>Excluded Groups</th></tr>
<tr><th colspan="8">Surefire suite</th></tr>
<tr><td><a href="#t0">Surefire test</a></td><td class="num">0</td><td class="num attn">12</td><td class="num">0</td><td class="num">0</td><td class="num">4.032</td><td></td><td></td></tr>
</table>
<table id='summary'><thead><tr><th>Class</th><th>Method</th><th>Start</th><th>Time (ms)</th></tr></thead><tbody><tr><th colspan="4">Surefire suite</th></tr></tbody><tbody id="t0"><tr><th colspan="4">Surefire test &#8212; failed (configuration methods)</th></tr><tr class="failedeven"><td rowspan="1">Homework06.Tests.TestDigitalCollection</td><td><a href="#m0">setUp</a></td><td rowspan="1">1665178501898</td><td rowspan="1">-1665178501898</td></tr><tr><th colspan="4">Surefire test &#8212; skipped (configuration methods)</th></tr><tr class="skippedeven"><td rowspan="2">Homework06.Tests.TestDigitalCollection</td><td><a href="#m1">startApp</a></td><td rowspan="1">1665178502507</td><td rowspan="1">0</td></tr><tr class="skippedeven"><td><a href="#m2">tearDown</a></td><td rowspan="1">1665178505907</td><td rowspan="1">0</td></tr><tr class="skippedodd"><td rowspan="1">Homework06.Tests.TestHomePage</td><td><a href="#m3">startApp</a></td><td rowspan="1">1665178505844</td><td rowspan="1">0</td></tr><tr class="skippedeven"><td rowspan="1">Homework06.Tests.TestSurvey</td><td><a href="#m4">startApp</a></td><td rowspan="1">1665178505873</td><td rowspan="1">0</td></tr><tr><th colspan="4">Surefire test &#8212; skipped</th></tr><tr class="skippedeven"><td rowspan="4">Homework06.Tests.TestDigitalCollection</td><td><a href="#m5">assertDigitalCollection</a></td><td rowspan="1">1665178502532</td><td rowspan="1">1</td></tr><tr class="skippedeven"><td><a href="#m6">searchBox</a></td><td rowspan="3">1665178505516</td><td rowspan="3">0</td></tr><tr class="skippedeven"><td><a href="#m7">searchBox</a></td></tr><tr class="skippedeven"><td><a href="#m8">searchBox</a></td></tr><tr class="skippedodd"><td rowspan="4">Homework06.Tests.TestHomePage</td><td><a href="#m9">assertUrl</a></td><td rowspan="1">1665178505846</td><td rowspan="1">0</td></tr><tr class="skippedodd"><td><a href="#m10">testGoToDigitalColletions</a></td><td rowspan="1">1665178505867</td><td rowspan="1">0</td></tr><tr class="skippedodd"><td><a href="#m11">testSlider</a></td><td rowspan="1">1665178505853</td><td rowspan="1">0</td></tr><tr class="skippedodd"><td><a href="#m12">testTopSearchs</a></td><td rowspan="1">1665178505862</td><td rowspan="1">0</td></tr><tr class="skippedeven"><td rowspan="4">Homework06.Tests.TestSurvey</td><td><a href="#m13">answerQuestions</a></td><td rowspan="1">1665178505892</td><td rowspan="1">1</td></tr><tr class="skippedeven"><td><a href="#m14">assertQuestions</a></td><td rowspan="1">1665178505879</td><td rowspan="1">0</td></tr><tr class="skippedeven"><td><a href="#m15">goToSurvey</a></td><td rowspan="1">1665178505874</td><td rowspan="1">1</td></tr><tr class="skippedeven"><td><a href="#m16">submitSurvey</a></td><td rowspan="1">1665178505900</td><td rowspan="1">0</td></tr></tbody>
</table>
<h2>Surefire test</h2><h3 id="m0">Homework06.Tests.TestDigitalCollection#setUp</h3><table class="result"><tr><th>Exception</th></tr><tr><td><div class="stacktrace">org.testng.TestNGException: 
Parameter &apos;browser&apos; is required by BeforeTest on method setUp but has not been marked @Optional or defined

... Removed 26 stack frames</div></td></tr></table><p class="totop"><a href="#summary">back to summary</a></p>
<h3 id="m1">Homework06.Tests.TestDigitalCollection#startApp</h3><table class="result"><tr><th class="invisible"/></tr></table><p class="totop"><a href="#summary">back to summary</a></p>
<h3 id="m2">Homework06.Tests.TestDigitalCollection#tearDown</h3><table class="result"><tr><th class="invisible"/></tr></table><p class="totop"><a href="#summary">back to summary</a></p>
<h3 id="m3">Homework06.Tests.TestHomePage#startApp</h3><table class="result"><tr><th class="invisible"/></tr></table><p class="totop"><a href="#summary">back to summary</a></p>
<h3 id="m4">Homework06.Tests.TestSurvey#startApp</h3><table class="result"><tr><th class="invisible"/></tr></table><p class="totop"><a href="#summary">back to summary</a></p>
<h3 id="m5">Homework06.Tests.TestDigitalCollection#assertDigitalCollection</h3><table class="result"><tr><th>Exception</th></tr><tr><td><div class="stacktrace">org.testng.TestNGException: 
Parameter &apos;browser&apos; is required by BeforeTest on method setUp but has not been marked @Optional or defined

... Removed 26 stack frames</div></td></tr></table><p class="totop"><a href="#summary">back to summary</a></p>
<h3 id="m6">Homework06.Tests.TestDigitalCollection#searchBox</h3><table class="result"><tr class="param"><th>Parameter #1</th></tr><tr class="param stripe"><td>Earth Day</td></tr><tr><th>Exception</th></tr><tr><td><div class="stacktrace">org.testng.TestNGException: 
Parameter &apos;browser&apos; is required by BeforeTest on method setUp but has not been marked @Optional or defined

... Removed 26 stack frames</div></td></tr></table><p class="totop"><a href="#summary">back to summary</a></p>
<h3 id="m7">Homework06.Tests.TestDigitalCollection#searchBox</h3><table class="result"><tr class="param"><th>Parameter #1</th></tr><tr class="param stripe"><td>Benjamin Franklin Papers</td></tr><tr><th>Exception</th></tr><tr><td><div class="stacktrace">org.testng.TestNGException: 
Parameter &apos;browser&apos; is required by BeforeTest on method setUp but has not been marked @Optional or defined

... Removed 26 stack frames</div></td></tr></table><p class="totop"><a href="#summary">back to summary</a></p>
<h3 id="m8">Homework06.Tests.TestDigitalCollection#searchBox</h3><table class="result"><tr class="param"><th>Parameter #1</th></tr><tr class="param stripe"><td>Abraham Lincoln</td></tr><tr><th>Exception</th></tr><tr><td><div class="stacktrace">org.testng.TestNGException: 
Parameter &apos;browser&apos; is required by BeforeTest on method setUp but has not been marked @Optional or defined

... Removed 26 stack frames</div></td></tr></table><p class="totop"><a href="#summary">back to summary</a></p>
<h3 id="m9">Homework06.Tests.TestHomePage#assertUrl</h3><table class="result"><tr><th>Exception</th></tr><tr><td><div class="stacktrace">org.testng.TestNGException: 
Parameter &apos;browser&apos; is required by BeforeTest on method setUp but has not been marked @Optional or defined

... Removed 26 stack frames</div></td></tr></table><p class="totop"><a href="#summary">back to summary</a></p>
<h3 id="m10">Homework06.Tests.TestHomePage#testGoToDigitalColletions</h3><table class="result"><tr><th>Exception</th></tr><tr><td><div class="stacktrace">java.lang.Throwable: Method Homework06.Tests.TestHomePage.testGoToDigitalColletions() on instance Homework06.Tests.TestHomePage@34f6515b depends on not successfully finished methods 
[Homework06.Tests.TestHomePage.testSlider() on instance Homework06.Tests.TestHomePage@34f6515b
Homework06.Tests.TestHomePage.testTopSearchs() on instance Homework06.Tests.TestHomePage@34f6515b
Homework06.Tests.TestHomePage.assertUrl() on instance Homework06.Tests.TestHomePage@34f6515b]
	at java.base/java.util.ArrayList.forEach(ArrayList.java:1540)
... Removed 23 stack frames</div></td></tr></table><p class="totop"><a href="#summary">back to summary</a></p>
<h3 id="m11">Homework06.Tests.TestHomePage#testSlider</h3><table class="result"><tr><th>Exception</th></tr><tr><td><div class="stacktrace">org.testng.TestNGException: 
Parameter &apos;browser&apos; is required by BeforeTest on method setUp but has not been marked @Optional or defined

... Removed 26 stack frames</div></td></tr></table><p class="totop"><a href="#summary">back to summary</a></p>
<h3 id="m12">Homework06.Tests.TestHomePage#testTopSearchs</h3><table class="result"><tr><th>Exception</th></tr><tr><td><div class="stacktrace">java.lang.Throwable: Method Homework06.Tests.TestHomePage.testTopSearchs() on instance Homework06.Tests.TestHomePage@34f6515b depends on not successfully finished methods 
[Homework06.Tests.TestHomePage.testSlider() on instance Homework06.Tests.TestHomePage@34f6515b]
	at java.base/java.util.ArrayList.forEach(ArrayList.java:1540)
... Removed 23 stack frames</div></td></tr></table><p class="totop"><a href="#summary">back to summary</a></p>
<h3 id="m13">Homework06.Tests.TestSurvey#answerQuestions</h3><table class="result"><tr><th>Exception</th></tr><tr><td><div class="stacktrace">java.lang.Throwable: Method Homework06.Tests.TestSurvey.answerQuestions() on instance Homework06.Tests.TestSurvey@4b34fff9 depends on not successfully finished methods 
[Homework06.Tests.TestSurvey.goToSurvey() on instance Homework06.Tests.TestSurvey@4b34fff9
Homework06.Tests.TestSurvey.assertQuestions() on instance Homework06.Tests.TestSurvey@4b34fff9]
	at java.base/java.util.ArrayList.forEach(ArrayList.java:1540)
... Removed 23 stack frames</div></td></tr></table><p class="totop"><a href="#summary">back to summary</a></p>
<h3 id="m14">Homework06.Tests.TestSurvey#assertQuestions</h3><table class="result"><tr><th>Exception</th></tr><tr><td><div class="stacktrace">java.lang.Throwable: Method Homework06.Tests.TestSurvey.assertQuestions() on instance Homework06.Tests.TestSurvey@4b34fff9 depends on not successfully finished methods 
[Homework06.Tests.TestSurvey.goToSurvey() on instance Homework06.Tests.TestSurvey@4b34fff9]
	at java.base/java.util.ArrayList.forEach(ArrayList.java:1540)
... Removed 23 stack frames</div></td></tr></table><p class="totop"><a href="#summary">back to summary</a></p>
<h3 id="m15">Homework06.Tests.TestSurvey#goToSurvey</h3><table class="result"><tr><th>Exception</th></tr><tr><td><div class="stacktrace">org.testng.TestNGException: 
Parameter &apos;browser&apos; is required by BeforeTest on method setUp but has not been marked @Optional or defined

... Removed 26 stack frames</div></td></tr></table><p class="totop"><a href="#summary">back to summary</a></p>
<h3 id="m16">Homework06.Tests.TestSurvey#submitSurvey</h3><table class="result"><tr><th>Exception</th></tr><tr><td><div class="stacktrace">java.lang.Throwable: Method Homework06.Tests.TestSurvey.submitSurvey() on instance Homework06.Tests.TestSurvey@4b34fff9 depends on not successfully finished methods 
[Homework06.Tests.TestSurvey.answerQuestions() on instance Homework06.Tests.TestSurvey@4b34fff9]
	at java.base/java.util.ArrayList.forEach(ArrayList.java:1540)
... Removed 23 stack frames</div></td></tr></table><p class="totop"><a href="#summary">back to summary</a></p>
</body>
</html>
