-------------------------------------------------------------------------------
Test set: TestSuite
-------------------------------------------------------------------------------
Tests run: 17, Failures: 1, Errors: 0, Skipped: 16, Time elapsed: 6.484 s <<< FAILURE! - in TestSuite
setUp(Homework06.Tests.TestDigitalCollection)  Time elapsed: 1.262 s  <<< FAILURE!
org.testng.TestNGException: 

Parameter 'browser' is required by BeforeTest on method setUp but has not been marked @Optional or defined


